<?xml version="1.0" encoding="UTF-8"?>
<!-- Generated by org.testng.reporters.JUnitReportReporter -->
<testsuite hostname="DESKTOP-4PFGOAF" failures="0" tests="1" name="api.test.UserTests" time="3.957" errors="0" timestamp="2025-02-16T07:57:07 IST" skipped="0">
  <testcase classname="api.test.UserTests" name="testPostUser" time="3.957"/>
</testsuite> <!-- api.test.UserTests -->
